0 info it worked if it ends with ok
1 verbose cli [ '/home/ubuntu/.nvm/v0.10.35/bin/node',
1 verbose cli   '/home/ubuntu/.nvm/v0.10.35/bin/npm',
1 verbose cli   'install',
1 verbose cli   'codeclimate' ]
2 info using npm@1.4.28
3 info using node@v0.10.35
4 verbose readDependencies using package.json deps
5 verbose cache add [ 'codeclimate', null ]
6 verbose cache add name=undefined spec="codeclimate" args=["codeclimate",null]
7 verbose parsed url { protocol: null,
7 verbose parsed url   slashes: null,
7 verbose parsed url   auth: null,
7 verbose parsed url   host: null,
7 verbose parsed url   port: null,
7 verbose parsed url   hostname: null,
7 verbose parsed url   hash: null,
7 verbose parsed url   search: null,
7 verbose parsed url   query: null,
7 verbose parsed url   pathname: 'codeclimate',
7 verbose parsed url   path: 'codeclimate',
7 verbose parsed url   href: 'codeclimate' }
8 silly lockFile 93fe8762-codeclimate codeclimate
9 verbose lock codeclimate /home/ubuntu/.npm/93fe8762-codeclimate.lock
10 silly lockFile 93fe8762-codeclimate codeclimate
11 silly lockFile 93fe8762-codeclimate codeclimate
12 verbose addNamed [ 'codeclimate', '' ]
13 verbose addNamed [ null, '*' ]
14 silly lockFile b0390bc9-codeclimate codeclimate@
15 verbose lock codeclimate@ /home/ubuntu/.npm/b0390bc9-codeclimate.lock
16 silly addNameRange { name: 'codeclimate', range: '*', hasData: false }
17 verbose request where is /codeclimate
18 verbose request registry https://registry.npmjs.org/
19 verbose request id 4c0cca7642b90ec2
20 verbose url raw /codeclimate
21 verbose url resolving [ 'https://registry.npmjs.org/', './codeclimate' ]
22 verbose url resolved https://registry.npmjs.org/codeclimate
23 verbose request where is https://registry.npmjs.org/codeclimate
24 info trying registry request attempt 1 at 00:30:50
25 http GET https://registry.npmjs.org/codeclimate
26 http 404 https://registry.npmjs.org/codeclimate
27 silly registry.get cb [ 404,
27 silly registry.get   { 'content-type': 'application/json',
27 silly registry.get     'cache-control': 'max-age=0',
27 silly registry.get     'content-length': '2',
27 silly registry.get     'accept-ranges': 'bytes',
27 silly registry.get     date: 'Fri, 20 Nov 2015 00:30:50 GMT',
27 silly registry.get     via: '1.1 varnish',
27 silly registry.get     age: '0',
27 silly registry.get     connection: 'keep-alive',
27 silly registry.get     'x-served-by': 'cache-ord1730-ORD',
27 silly registry.get     'x-cache': 'MISS',
27 silly registry.get     'x-cache-hits': '0',
27 silly registry.get     'x-timer': 'S1447979450.831319,VS0,VE84' } ]
28 silly lockFile b0390bc9-codeclimate codeclimate@
29 silly lockFile b0390bc9-codeclimate codeclimate@
30 error 404 Not Found
30 error 404
30 error 404 'codeclimate' is not in the npm registry.
30 error 404 You should bug the author to publish it
30 error 404 It was specified as a dependency of 'EssayMaker'
30 error 404
30 error 404 Note that you can also install from a
30 error 404 tarball, folder, or http url, or git url.
31 error System Linux 4.2.0-c9
32 error command "/home/ubuntu/.nvm/v0.10.35/bin/node" "/home/ubuntu/.nvm/v0.10.35/bin/npm" "install" "codeclimate"
33 error cwd /home/ubuntu/workspace
34 error node -v v0.10.35
35 error npm -v 1.4.28
36 error code E404
37 verbose exit [ 1, true ]
